#
# There is insufficient memory for the Java Runtime Environment to continue.
# Native memory allocation (mmap) failed to map 266338304 bytes. Error detail: G1 virtual space
# Possible reasons:
#   The system is out of physical RAM or swap space
#   This process is running with CompressedOops enabled, and the Java Heap may be blocking the growth of the native heap
# Possible solutions:
#   Reduce memory load on the system
#   Increase physical memory or swap space
#   Check if swap backing store is full
#   Decrease Java heap size (-Xmx/-Xms)
#   Decrease number of Java threads
#   Decrease Java thread stack sizes (-Xss)
#   Set larger code cache with -XX:ReservedCodeCacheSize=
#   JVM is running with Zero Based Compressed Oops mode in which the Java heap is
#     placed in the first 32GB address space. The Java Heap base address is the
#     maximum limit for the native heap growth. Please use -XX:HeapBaseMinAddress
#     to set the Java Heap base and to place the Java Heap above 32GB virtual address.
# This output file may be truncated or incomplete.
#
#  Out of Memory Error (os_windows.cpp:3613), pid=21144, tid=17388
#
# JRE version:  (17.0.12+7) (build )
# Java VM: OpenJDK 64-Bit Server VM (17.0.12+7-LTS, mixed mode, sharing, tiered, compressed oops, compressed class ptrs, g1 gc, windows-amd64)
# No core dump will be written. Minidumps are not enabled by default on client versions of Windows
#

---------------  S U M M A R Y ------------

Command Line: -javaagent:C:\Program Files\JetBrains\IntelliJ IDEA Community Edition 2022.3.3\lib\idea_rt.jar=58621:C:\Program Files\JetBrains\IntelliJ IDEA Community Edition 2022.3.3\bin -Dfile.encoding=UTF-8 com.fivegears.fivegears_backend.FiveGearsApplicationKt

Host: AMD Ryzen 7 5700G with Radeon Graphics         , 16 cores, 15G,  Windows 10 , 64 bit Build 19041 (10.0.19041.5915)
Time: Fri Sep 19 11:09:47 2025 Hora oficial do Brasil elapsed time: 0.009747 seconds (0d 0h 0m 0s)

---------------  T H R E A D  ---------------

Current thread (0x000001e0f98adce0):  JavaThread "Unknown thread" [_thread_in_vm, id=17388, stack(0x000000783bf00000,0x000000783c000000)]

Stack: [0x000000783bf00000,0x000000783c000000]
Native frames: (J=compiled Java code, j=interpreted, Vv=VM code, C=native code)
V  [jvm.dll+0x67f4f9]
V  [jvm.dll+0x836eaa]
V  [jvm.dll+0x83896e]
V  [jvm.dll+0x838fd3]
V  [jvm.dll+0x247f6f]
V  [jvm.dll+0x67c2b9]
V  [jvm.dll+0x670d7a]
V  [jvm.dll+0x307b5b]
V  [jvm.dll+0x30f046]
V  [jvm.dll+0x35f22e]
V  [jvm.dll+0x35f46f]
V  [jvm.dll+0x2deb7c]
V  [jvm.dll+0x2dfad4]
V  [jvm.dll+0x80870b]
V  [jvm.dll+0x36cfa1]
V  [jvm.dll+0x7e70f5]
V  [jvm.dll+0x3f0adf]
V  [jvm.dll+0x3f2631]
C  [jli.dll+0x528f]
C  [ucrtbase.dll+0x21bb2]
C  [KERNEL32.DLL+0x17374]
C  [ntdll.dll+0x4cc91]


---------------  P R O C E S S  ---------------

Threads class SMR info:
_java_thread_list=0x00007ff9fac06f18, length=0, elements={
}

Java Threads: ( => current thread )

Other Threads:
  0x000001e0f9919920 GCTaskThread "GC Thread#0" [stack: 0x000000783c000000,0x000000783c100000] [id=2144]
  0x000001e0f992b640 ConcurrentGCThread "G1 Main Marker" [stack: 0x000000783c100000,0x000000783c200000] [id=11512]
  0x000001e0f992d810 ConcurrentGCThread "G1 Conc#0" [stack: 0x000000783c200000,0x000000783c300000] [id=22736]

[error occurred during error reporting (printing all threads), id 0xc0000005, EXCEPTION_ACCESS_VIOLATION (0xc0000005) at pc=0x00007ff9fa3bf277]

VM state: not at safepoint (not fully initialized)

VM Mutex/Monitor currently owned by a thread:  ([mutex/lock_event])
[0x000001e0f98a90c0] Heap_lock - owner thread: 0x000001e0f98adce0

Heap address: 0x0000000702400000, size: 4060 MB, Compressed Oops mode: Zero based, Oop shift amount: 3

CDS archive(s) mapped at: [0x0000000000000000-0x0000000000000000-0x0000000000000000), size 0, SharedBaseAddress: 0x0000000800000000, ArchiveRelocationMode: 1.
Narrow klass base: 0x0000000000000000, Narrow klass shift: 0, Narrow klass range: 0x0

GC Precious Log:
<Empty>

Heap:
 garbage-first heap   total 0K, used 0K [0x0000000702400000, 0x0000000800000000)
  region size 2048K, 0 young (0K), 0 survivors (0K)

[error occurred during error reporting (printing heap information), id 0xc0000005, EXCEPTION_ACCESS_VIOLATION (0xc0000005) at pc=0x00007ff9fa7a8829]

GC Heap History (0 events):
No events

Dll operation events (1 events):
Event: 0.005 Loaded shared library C:\Users\julio\.jdks\corretto-17.0.12\bin\java.dll

Deoptimization events (0 events):
No events

Classes loaded (0 events):
No events

Classes unloaded (0 events):
No events

Classes redefined (0 events):
No events

Internal exceptions (0 events):
No events

VM Operations (0 events):
No events

Events (0 events):
No events


Dynamic libraries:
0x00007ff673c30000 - 0x00007ff673c3e000 	C:\Users\julio\.jdks\corretto-17.0.12\bin\java.exe
0x00007ffa3d770000 - 0x00007ffa3d968000 	C:\Windows\SYSTEM32\ntdll.dll
0x00007ffa3bfd0000 - 0x00007ffa3c092000 	C:\Windows\System32\KERNEL32.DLL
0x00007ffa3b2e0000 - 0x00007ffa3b5d6000 	C:\Windows\System32\KERNELBASE.dll
0x00007ffa3ae10000 - 0x00007ffa3af10000 	C:\Windows\System32\ucrtbase.dll
0x00007ffa1d660000 - 0x00007ffa1d677000 	C:\Users\julio\.jdks\corretto-17.0.12\bin\jli.dll
0x00007ffa3d470000 - 0x00007ffa3d60d000 	C:\Windows\System32\USER32.dll
0x00007ffa3b150000 - 0x00007ffa3b172000 	C:\Windows\System32\win32u.dll
0x00007ffa3c100000 - 0x00007ffa3c12b000 	C:\Windows\System32\GDI32.dll
0x00007ffa3b030000 - 0x00007ffa3b149000 	C:\Windows\System32\gdi32full.dll
0x00007ffa1cb50000 - 0x00007ffa1cb6b000 	C:\Users\julio\.jdks\corretto-17.0.12\bin\VCRUNTIME140.dll
0x00007ffa3af90000 - 0x00007ffa3b02d000 	C:\Windows\System32\msvcp_win.dll
0x00007ffa2b7b0000 - 0x00007ffa2ba4b000 	C:\Windows\WinSxS\amd64_microsoft.windows.common-controls_6595b64144ccf1df_6.0.19041.6280_none_60bc30a171f2f3f3\COMCTL32.dll
0x00007ffa3d3d0000 - 0x00007ffa3d46e000 	C:\Windows\System32\msvcrt.dll
0x00007ffa3c190000 - 0x00007ffa3c1bf000 	C:\Windows\System32\IMM32.DLL
0x00007ffa26aa0000 - 0x00007ffa26aac000 	C:\Users\julio\.jdks\corretto-17.0.12\bin\vcruntime140_1.dll
0x00007ffa0d4e0000 - 0x00007ffa0d56d000 	C:\Users\julio\.jdks\corretto-17.0.12\bin\msvcp140.dll
0x00007ff9fa0d0000 - 0x00007ff9fad3a000 	C:\Users\julio\.jdks\corretto-17.0.12\bin\server\jvm.dll
0x00007ffa3c9a0000 - 0x00007ffa3ca51000 	C:\Windows\System32\ADVAPI32.dll
0x00007ffa3d0a0000 - 0x00007ffa3d13f000 	C:\Windows\System32\sechost.dll
0x00007ffa3d610000 - 0x00007ffa3d730000 	C:\Windows\System32\RPCRT4.dll
0x00007ffa3b5e0000 - 0x00007ffa3b607000 	C:\Windows\System32\bcrypt.dll
0x00007ffa3c930000 - 0x00007ffa3c99b000 	C:\Windows\System32\WS2_32.dll
0x00007ffa3ab50000 - 0x00007ffa3ab9b000 	C:\Windows\SYSTEM32\POWRPROF.dll
0x00007ffa2dbf0000 - 0x00007ffa2dc17000 	C:\Windows\SYSTEM32\WINMM.dll
0x00007ffa30e90000 - 0x00007ffa30e9a000 	C:\Windows\SYSTEM32\VERSION.dll
0x00007ffa3ab30000 - 0x00007ffa3ab42000 	C:\Windows\SYSTEM32\UMPDC.dll
0x00007ffa38cb0000 - 0x00007ffa38cc2000 	C:\Windows\SYSTEM32\kernel.appcore.dll
0x00007ffa218c0000 - 0x00007ffa218ca000 	C:\Users\julio\.jdks\corretto-17.0.12\bin\jimage.dll
0x00007ffa31890000 - 0x00007ffa31a91000 	C:\Windows\SYSTEM32\DBGHELP.DLL
0x00007ffa29f30000 - 0x00007ffa29f64000 	C:\Windows\SYSTEM32\dbgcore.DLL
0x00007ffa3b6c0000 - 0x00007ffa3b742000 	C:\Windows\System32\bcryptPrimitives.dll
0x00007ffa215d0000 - 0x00007ffa215de000 	C:\Users\julio\.jdks\corretto-17.0.12\bin\instrument.dll
0x00007ffa17f70000 - 0x00007ffa17f95000 	C:\Users\julio\.jdks\corretto-17.0.12\bin\java.dll

dbghelp: loaded successfully - version: 4.0.5 - missing functions: none
symbol engine: initialized successfully - sym options: 0x614 - pdb path: .;C:\Users\julio\.jdks\corretto-17.0.12\bin;C:\Windows\SYSTEM32;C:\Windows\WinSxS\amd64_microsoft.windows.common-controls_6595b64144ccf1df_6.0.19041.6280_none_60bc30a171f2f3f3;C:\Users\julio\.jdks\corretto-17.0.12\bin\server

VM Arguments:
jvm_args: -javaagent:C:\Program Files\JetBrains\IntelliJ IDEA Community Edition 2022.3.3\lib\idea_rt.jar=58621:C:\Program Files\JetBrains\IntelliJ IDEA Community Edition 2022.3.3\bin -Dfile.encoding=UTF-8 
java_command: com.fivegears.fivegears_backend.FiveGearsApplicationKt
java_class_path (initial): C:\Users\julio\OneDrive\Documents\5Gears\BACK-END\fivegears-backend\build\classes\kotlin\main;C:\Users\julio\OneDrive\Documents\5Gears\BACK-END\fivegears-backend\build\resources\main;C:\Users\julio\.gradle\caches\modules-2\files-2.1\org.springframework.boot\spring-boot-starter-web\3.5.5\b9039cd5aa1feda2cfbd487233e343f66627f78f\spring-boot-starter-web-3.5.5.jar;C:\Users\julio\.gradle\caches\modules-2\files-2.1\com.fasterxml.jackson.module\jackson-module-kotlin\2.19.2\c052fdf35343bf6b4e132e75515243e0d497db64\jackson-module-kotlin-2.19.2.jar;C:\Users\julio\.gradle\caches\modules-2\files-2.1\org.jetbrains.kotlin\kotlin-reflect\1.9.25\73023c38b7b20430232893cf9b556dc8486e07a4\kotlin-reflect-1.9.25.jar;C:\Users\julio\.gradle\caches\modules-2\files-2.1\org.jetbrains.kotlin\kotlin-stdlib\1.9.25\f700a2f2b8f0d6d0fde48f56d894dc722fb029d7\kotlin-stdlib-1.9.25.jar;C:\Users\julio\.gradle\caches\modules-2\files-2.1\org.springframework.boot\spring-boot-starter-data-jpa\3.5.5\1b0c807e0f584dcf2c8fe7360c07ff18faeacf30\spring-boot-starter-data-jpa-3.5.5.jar;C:\Users\julio\.gradle\caches\modules-2\files-2.1\org.springframework.boot\spring-boot-starter-security\3.5.5\d46f4927ef806fbbb509da0fbeabc9274163ef4c\spring-boot-starter-security-3.5.5.jar;C:\Users\julio\.gradle\caches\modules-2\files-2.1\org.springframework.boot\spring-boot-starter-validation\3.5.5\5510bd155652ef231976f1ff1ca1bb1d9698829c\spring-boot-starter-validation-3.5.5.jar;C:\Users\julio\.gradle\caches\modules-2\files-2.1\org.springframework.boot\spring-boot-starter-json\3.5.5\316736898ceac2a806e08e981ea059c78b982383\spring-boot-starter-json-3.5.5.jar;C:\Users\julio\.gradle\caches\modules-2\files-2.1\org.springframework.boot\spring-boot-starter\3.5.5\f0e27ab73519ebebfc72c9b16ccde342cc9f599d\spring-boot-starter-3.5.5.jar;C:\Users\julio\.gradle\caches\modules-2\files-2.1\org.springframework\spring-webmvc\6.2.10\d3491aedc2636378cd273f6266d49f43a8b3e241\spring-webmvc-6.2.10.jar;C:\Users\julio\.gradle\
Launcher Type: SUN_STANDARD

[Global flags]
     intx CICompilerCount                          = 12                                        {product} {ergonomic}
     uint ConcGCThreads                            = 3                                         {product} {ergonomic}
     uint G1ConcRefinementThreads                  = 13                                        {product} {ergonomic}
   size_t G1HeapRegionSize                         = 2097152                                   {product} {ergonomic}
    uintx GCDrainStackTargetSize                   = 64                                        {product} {ergonomic}
   size_t InitialHeapSize                          = 266338304                                 {product} {ergonomic}
   size_t MarkStackSize                            = 4194304                                   {product} {ergonomic}
   size_t MaxHeapSize                              = 4257218560                                {product} {ergonomic}
   size_t MinHeapDeltaBytes                        = 2097152                                   {product} {ergonomic}
   size_t MinHeapSize                              = 8388608                                   {product} {ergonomic}
    uintx NonNMethodCodeHeapSize                   = 7602480                                {pd product} {ergonomic}
    uintx NonProfiledCodeHeapSize                  = 122027880                              {pd product} {ergonomic}
    uintx ProfiledCodeHeapSize                     = 122027880                              {pd product} {ergonomic}
    uintx ReservedCodeCacheSize                    = 251658240                              {pd product} {ergonomic}
     bool SegmentedCodeCache                       = true                                      {product} {ergonomic}
   size_t SoftMaxHeapSize                          = 4257218560                             {manageable} {ergonomic}
     bool UseCompressedClassPointers               = true                           {product lp64_product} {ergonomic}
     bool UseCompressedOops                        = true                           {product lp64_product} {ergonomic}
     bool UseG1GC                                  = true                                      {product} {ergonomic}
     bool UseLargePagesIndividualAllocation        = false                                  {pd product} {ergonomic}

Logging:
Log output configuration:
 #0: stdout all=warning uptime,level,tags
 #1: stderr all=off uptime,level,tags

Environment Variables:
PATH=C:\Program Files (x86)\Common Files\Oracle\Java\javapath;C:\Windows\system32;C:\Windows;C:\Windows\System32\Wbem;C:\Windows\System32\WindowsPowerShell\v1.0\;C:\Windows\System32\OpenSSH\;C:\Program Files (x86)\NVIDIA Corporation\PhysX\Common;C:\Program Files\Git\cmd;C:\Program Files\dotnet\;C:\Program Files\Microsoft SQL Server\150\Tools\Binn\;C:\Program Files\Microsoft SQL Server\Client SDK\ODBC\170\Tools\Binn\;C:\Program Files (x86)\Microsoft SQL Server\160\DTS\Binn\;C:\Program Files\nodejs\;C:\Users\julio\AppData\Local\Muse Hub\lib;C:\Users\julio\AppData\Local\Microsoft\WindowsApps;C:\Users\julio\AppData\Local\Programs\Microsoft VS Code\bin;C:\Users\julio\AppData\Roaming\npm;C:\Users\julio\.dotnet\tools
USERNAME=julio
OS=Windows_NT
PROCESSOR_IDENTIFIER=AMD64 Family 25 Model 80 Stepping 0, AuthenticAMD
TMP=C:\Users\julio\AppData\Local\Temp
TEMP=C:\Users\julio\AppData\Local\Temp



Periodic native trim disabled


---------------  S Y S T E M  ---------------

OS:
 Windows 10 , 64 bit Build 19041 (10.0.19041.5915)
OS uptime: 8 days 22:27 hours

CPU: total 16 (initial active 16) (16 cores per cpu, 2 threads per core) family 25 model 80 stepping 0 microcode 0x0, cx8, cmov, fxsr, ht, mmx, 3dnowpref, sse, sse2, sse3, ssse3, sse4a, sse4.1, sse4.2, popcnt, lzcnt, tsc, tscinvbit, avx, avx2, aes, erms, clmul, bmi1, bmi2, adx, sha, fma, vzeroupper, clflush, clflushopt
Processor Information for all 16 processors :
  Max Mhz: 3801, Current Mhz: 3801, Mhz Limit: 3801

Memory: 4k page, system-wide physical 16232M (3088M free)
TotalPageFile size 65384M (AvailPageFile size 249M)
current process WorkingSet (physical memory assigned to process): 11M, peak: 11M
current process commit charge ("private bytes"): 70M, peak: 324M

vm_info: OpenJDK 64-Bit Server VM (17.0.12+7-LTS) for windows-amd64 JRE (17.0.12+7-LTS), built on Jul 10 2024 20:46:33 by "Administrator" with MS VC++ 16.10 / 16.11 (VS2019)

END.
